
Fail to download file: There are no file
Fail to download file: There are no file
Fail to download file: There are no file
Fail to download file: There are no file
Fail to download file: There are no file
Fail to download file: There are no file
Fail to download file: There are no file
Fail to download file: There are no file
Fail to download file: There are no file
Fail to download file: There are no file
Success to download file 2126361.pdf
Success to download file 2126359.pdf
Success to download file 2126358.pdf
Success to download file 2126357.pdf
Success to download file 2126356.pdf
Success to download file 2126355.pdf
Success to download file 2126354.pdf
Success to download file 2126353.pdf
Success to download file 2126352.pdf
Success to download file 2126351.pdf
Success to download file 2126350.pdf
Success to download file 2126349.pdf
Success to download file 2126348.pdf
Success to download file 2126347.pdf
Success to download file 2126346.pdf
Success to download file 2126345.pdf
Success to download file 2126344.pdf
Success to download file 2126343.pdf
Success to download file 2126342.pdf
Success to download file 2126341.pdf
Success to download file 2126340.pdf
Success to download file 2126339.pdf
Success to download file 2126338.pdf
Success to download file 2126337.pdf
Success to download file 2126336.pdf
Success to download file 2126335.pdf
Success to download file 2126334.pdf
Success to download file 2126333.pdf
Success to download file 2126332.pdf
Success to download file 2126331.pdf
Success to download file 2126330.pdf
Success to download file 2126329.pdf
Success to download file 2126328.pdf
Success to download file 2126327.pdf
Success to download file 2126326.pdf
Success to download file 2126325.pdf
Success to download file 2126324.pdf
Success to download file 2126323.pdf
Success to download file 2126322.pdf
Success to download file 2126321.pdf
Success to download file 2126320.pdf
Success to download file 2126319.pdf
Success to download file 2126318.pdf
Success to download file 2126317.pdf
Success to download file 2126316.pdf
Success to download file 2126315.pdf
Success to download file 2126314.pdf
Success to download file 2126313.pdf
Success to download file 2126312.pdf
Success to download file 2126311.pdf
Success to download file 2126310.pdf
Fail to download file: There are no file
Success to download file 2126308.pdf
Success to download file 2126307.pdf
Success to download file 2126306.pdf
Success to download file 2126305.pdf
Success to download file 2126304.pdf
Success to download file 2126303.pdf
Success to download file 2126302.pdf
Success to download file 2126301.pdf
Success to download file 2126300.pdf
Success to download file 2126299.pdf
Success to download file 2126298.pdf
Success to download file 2126297.pdf
Success to download file 2126296.pdf
Success to download file 2126295.pdf
Success to download file 2126294.pdf
Success to download file 2126293.pdf
Success to download file 2126292.pdf
Success to download file 2126291.pdf
Success to download file 2126290.pdf
Success to download file 2126289.pdf
Success to download file 2126288.pdf
Success to download file 2126287.pdf
Success to download file 2126286.pdf
Success to download file 2126285.pdf
Success to download file 2126284.pdf
Success to download file 2126283.pdf
Success to download file 2126282.pdf
Success to download file 2126281.pdf
Success to download file 2126280.pdf
Success to download file 2126279.pdf
Success to download file 2126278.pdf
Success to download file 2126277.pdf
Success to download file 2126276.pdf
Success to download file 2126275.pdf
Success to download file 2126274.pdf
Success to download file 2126273.pdf
Success to download file 2126272.pdf
Success to download file 2126271.pdf
Success to download file 2126270.pdf
Success to download file 2126269.pdf
Success to download file 2126268.pdf
Success to download file 2126267.pdf
Success to download file 2126266.pdf
Success to download file 2126265.pdf
Success to download file 2126264.pdf
Success to download file 2126263.pdf
Success to download file 2126262.pdf
Success to download file 2126261.pdf
Success to download file 2126260.pdf
Success to download file 2126259.pdf
Success to download file 2126258.pdf
Success to download file 2126257.pdf
Success to download file 2126256.pdf
Success to download file 2126255.pdf
Success to download file 2126254.pdf
Success to download file 2126253.pdf
Success to download file 2126252.pdf
Success to download file 2126251.pdf
Success to download file 2126250.pdf
Success to download file 2126249.pdf
Success to download file 2126248.pdf
Success to download file 2126247.pdf
Success to download file 2126246.pdf
Success to download file 2126245.pdf
Success to download file 2126244.pdf
Success to download file 2126243.pdf
Success to download file 2126240.pdf
Success to download file 2126239.pdf
Success to download file 2126238.pdf
Success to download file 2126237.pdf
Success to download file 2126236.pdf
Success to download file 2126235.pdf
Success to download file 2126234.pdf
Success to download file 2126233.pdf
Success to download file 2126232.pdf
Success to download file 2126231.pdf
Success to download file 2126230.pdf
Success to download file 2126229.pdf
Success to download file 2126228.pdf
Success to download file 2126227.pdf
Success to download file 2126226.pdf
Success to download file 2126225.pdf
Success to download file 2126224.pdf
Success to download file 2126223.pdf
Success to download file 2126222.pdf
Success to download file 2126221.pdf
Success to download file 2126220.pdf
Success to download file 2126219.pdf
Success to download file 2126218.pdf
Success to download file 2126217.pdf
Success to download file 2126216.pdf
Success to download file 2126215.pdf
Success to download file 2126214.pdf
Success to download file 2126213.pdf
Success to download file 2126212.pdf
Success to download file 2126211.pdf
Success to download file 2126210.pdf
Success to download file 2126209.pdf
Success to download file 2126208.pdf
Success to download file 2126207.pdf
Success to download file 2126206.pdf
Success to download file 2126205.pdf
Success to download file 2126204.pdf
Success to download file 2126203.pdf
Success to download file 2126202.pdf
Success to download file 2126201.pdf
Success to download file 2126200.pdf
Success to download file 2126199.pdf
Success to download file 2126198.pdf
Success to download file 2126197.pdf
Success to download file 2126196.pdf
Success to download file 2126195.pdf
Success to download file 2126194.pdf
Success to download file 2126193.pdf
Success to download file 2126192.pdf
Success to download file 2126191.pdf
Success to download file 2126190.pdf
Success to download file 2126189.pdf
Success to download file 2126188.pdf
Success to download file 2126187.pdf
Success to download file 2126186.pdf
Success to download file 2126185.pdf
Success to download file 2126184.pdf
Success to download file 2126183.pdf
Success to download file 2126182.pdf
Success to download file 2126181.pdf
Success to download file 2126180.pdf
Success to download file 2126179.pdf
Success to download file 2126178.pdf
Success to download file 2126177.pdf
Success to download file 2126175.pdf
Success to download file 2126174.pdf
Success to download file 2126173.pdf
Success to download file 2126172.pdf
Success to download file 2126171.pdf
Success to download file 2126170.pdf
Success to download file 2126169.pdf
Success to download file 2126168.pdf
Success to download file 2126167.pdf
Success to download file 2126166.pdf
Success to download file 2126165.pdf
Success to download file 2126164.pdf
Success to download file 2126163.pdf
Success to download file 2126162.pdf
Success to download file 2126161.pdf
Success to download file 2126160.pdf
Success to download file 2126159.pdf
Success to download file 2126158.pdf
Success to download file 2126157.pdf
Success to download file 2126156.pdf
Success to download file 2126155.pdf
Success to download file 2126154.pdf
Success to download file 2126153.pdf
Success to download file 2126152.pdf
Success to download file 2126151.pdf
Success to download file 2126150.pdf
Success to download file 2126149.pdf
Success to download file 2126148.pdf
Start loading_file in a separate thread
 * Debug mode: off
Address already in use
Port 5000 is in use by another program. Either identify and stop that program, or start the server with a different port.
Start loading_file in a separate thread
 * Debug mode: off
WARNING: This is a development server. Do not use it in a production deployment. Use a production WSGI server instead.
 * Running on all addresses (0.0.0.0)
 * Running on http://127.0.0.1:5000
 * Running on http://172.31.40.0:5000
Press CTRL+C to quit
58.141.237.5 - - [26/Jan/2024 22:36:05] "GET / HTTP/1.1" 200 -
58.141.237.5 - - [26/Jan/2024 22:36:05] "GET /favicon.ico HTTP/1.1" 404 -
